SF:lib/core/error/failures.dart
DA:4,2
DA:10,1
DA:12,1
DA:16,1
DA:18,1
LF:5
LH:5
end_of_record
SF:lib/features/number_trivia/domain/entities/number_trivia.dart
DA:9,4
DA:12,4
DA:14,1
DA:16,3
LF:4
LH:4
end_of_record
SF:lib/features/number_trivia/domain/usecases/get_concrete_number_trivia.dart
DA:11,1
DA:14,1
DA:17,4
DA:24,2
DA:26,0
DA:28,0
LF:6
LH:4
end_of_record
SF:lib/features/number_trivia/data/models/number_trivia_model.dart
DA:4,2
DA:7,2
DA:9,1
DA:10,1
DA:11,1
DA:12,2
DA:16,1
DA:17,1
DA:18,1
DA:19,1
LF:10
LH:10
end_of_record
SF:lib/core/network/network_info.dart
DA:10,1
DA:12,1
DA:14,2
LF:3
LH:3
end_of_record
SF:lib/features/number_trivia/domain/usecases/get_random_number_trivia.dart
DA:11,1
DA:14,1
DA:15,3
DA:22,0
DA:24,0
LF:5
LH:3
end_of_record
SF:lib/features/number_trivia/data/repositories/number_trivia_repository_impl.dart
DA:18,1
DA:25,1
DA:28,3
DA:29,2
DA:34,1
DA:37,3
DA:38,2
DA:42,1
DA:44,3
DA:46,2
DA:47,2
DA:48,1
DA:49,1
DA:50,2
DA:54,3
DA:55,1
DA:56,1
DA:57,2
LF:18
LH:18
end_of_record
